<?xml version="1.0" encoding="UTF-8"?>
<!-- Generated by org.testng.reporters.JUnitXMLReporter -->
<testsuite ignored="0" hostname="DESKTOP-5GI3OCP" failures="0" tests="2" name="Free crm app Test cases" time="20.492" errors="0" timestamp="24 Mar. 2021 00:30:47 GMT">
  <testcase classname="crm.qa.tests.HomePageTest" name="validateContactUserTest" time="0.159"/>
  <testcase classname="crm.qa.tests.HomePageTest" name="validateHomePageTitleTest" time="0.011"/>
</testsuite> <!-- Free crm app Test cases -->
